<?xml version="1.0" encoding="UTF-8"?>
<!-- Generated by org.testng.reporters.JUnitXMLReporter -->
<testsuite ignored="0" hostname="LAPTOP-B9KBO8K1" failures="0" tests="3" name="Test" time="31.692" errors="0" timestamp="2024-09-28T23:34:55 IST">
  <testcase classname="TestClasses.NavigateToFormPage" name="scheduleBillPayDemo" time="4.069"/>
  <testcase classname="TestClasses.FillScheduleDemoForm" name="fillBillPayForm" time="5.076"/>
  <testcase classname="TestClasses.SummitRegitration" name="clickOnAgendaOption" time="5.714"/>
</testsuite> <!-- Test -->
