<?xml version="1.0" encoding="UTF-8"?>
<!-- Generated by org.testng.reporters.JUnitXMLReporter -->
<testsuite ignored="0" hostname="LAPTOP-B9KBO8K1" failures="0" tests="3" name="Test" time="37.2" errors="0" timestamp="2024-09-29T01:00:43 IST">
  <testcase classname="TestClasses.NavigateToFormPage" name="scheduleBillPayDemo" time="4.64"/>
  <testcase classname="TestClasses.FillScheduleDemoForm" name="fillBillPayForm" time="6.493"/>
  <testcase classname="TestClasses.SummitRegitration" name="clickOnAgendaOption" time="6.046"/>
</testsuite> <!-- Test -->
