<?xml version="1.0" encoding="UTF-8"?>
<testng-results ignored="0" total="1" passed="1" failed="0" skipped="0">
  <reporter-output>
  </reporter-output>
  <suite started-at="2024-10-05T18:02:55 IST" name="Default suite" finished-at="2024-10-05T18:03:25 IST" duration-ms="30153">
    <groups>
    </groups>
    <test started-at="2024-10-05T18:02:55 IST" name="Default test" finished-at="2024-10-05T18:03:25 IST" duration-ms="30153">
      <class name="TestClasses.ClickOnLogin">
        <test-method is-config="true" signature="applicationLaunch()[pri:0, instance:TestClasses.ClickOnLogin@510f3d34]" started-at="2024-10-05T18:02:55 IST" name="applicationLaunch" finished-at="2024-10-05T18:03:24 IST" duration-ms="28252" status="PASS">
          <reporter-output>
          </reporter-output>
        </test-method> <!-- applicationLaunch -->
        <test-method signature="signIn()[pri:0, instance:TestClasses.ClickOnLogin@510f3d34]" started-at="2024-10-05T18:03:24 IST" name="signIn" finished-at="2024-10-05T18:03:25 IST" duration-ms="1823" status="PASS">
          <reporter-output>
          </reporter-output>
        </test-method> <!-- signIn -->
        <test-method is-config="true" signature="close()[pri:0, instance:TestClasses.ClickOnLogin@510f3d34]" started-at="2024-10-05T18:03:25 IST" name="close" finished-at="2024-10-05T18:03:25 IST" duration-ms="2" status="PASS">
          <reporter-output>
          </reporter-output>
        </test-method> <!-- close -->
      </class> <!-- TestClasses.ClickOnLogin -->
    </test> <!-- Default test -->
  </suite> <!-- Default suite -->
</testng-results>
