<?xml version="1.0" encoding="UTF-8"?>
<testng-results ignored="0" total="3" passed="3" failed="0" skipped="0">
  <reporter-output>
  </reporter-output>
  <suite started-at="2024-09-28T23:34:23 IST" name="Suite" finished-at="2024-09-28T23:34:55 IST" duration-ms="31692">
    <groups>
    </groups>
    <test started-at="2024-09-28T23:34:23 IST" name="Test" finished-at="2024-09-28T23:34:55 IST" duration-ms="31692">
      <class name="TestClasses.SummitRegitration">
        <test-method is-config="true" signature="applicationLaunch()[pri:0, instance:TestClasses.SummitRegitration@6c40365c]" started-at="2024-09-28T23:34:44 IST" name="applicationLaunch" finished-at="2024-09-28T23:34:48 IST" duration-ms="4531" status="PASS">
          <reporter-output>
          </reporter-output>
        </test-method> <!-- applicationLaunch -->
        <test-method is-config="true" signature="clickOnSummitOption()[pri:0, instance:TestClasses.SummitRegitration@6c40365c]" started-at="2024-09-28T23:34:48 IST" name="clickOnSummitOption" finished-at="2024-09-28T23:34:49 IST" duration-ms="590" status="PASS">
          <reporter-output>
          </reporter-output>
        </test-method> <!-- clickOnSummitOption -->
        <test-method signature="clickOnAgendaOption()[pri:0, instance:TestClasses.SummitRegitration@6c40365c]" started-at="2024-09-28T23:34:49 IST" name="clickOnAgendaOption" finished-at="2024-09-28T23:34:54 IST" duration-ms="5714" status="PASS">
          <reporter-output>
          </reporter-output>
        </test-method> <!-- clickOnAgendaOption -->
        <test-method is-config="true" signature="closingBrowser()[pri:0, instance:TestClasses.SummitRegitration@6c40365c]" started-at="2024-09-28T23:34:54 IST" name="closingBrowser" finished-at="2024-09-28T23:34:55 IST" duration-ms="385" status="PASS">
          <reporter-output>
          </reporter-output>
        </test-method> <!-- closingBrowser -->
      </class> <!-- TestClasses.SummitRegitration -->
      <class name="TestClasses.NavigateToFormPage">
        <test-method is-config="true" signature="applicationLaunch()[pri:0, instance:TestClasses.NavigateToFormPage@d35dea7]" started-at="2024-09-28T23:34:23 IST" name="applicationLaunch" finished-at="2024-09-28T23:34:28 IST" duration-ms="4948" status="PASS">
          <reporter-output>
          </reporter-output>
        </test-method> <!-- applicationLaunch -->
        <test-method is-config="true" signature="mouseOver()[pri:0, instance:TestClasses.NavigateToFormPage@d35dea7]" started-at="2024-09-28T23:34:28 IST" name="mouseOver" finished-at="2024-09-28T23:34:29 IST" duration-ms="375" status="PASS">
          <reporter-output>
          </reporter-output>
        </test-method> <!-- mouseOver -->
        <test-method signature="scheduleBillPayDemo()[pri:0, instance:TestClasses.NavigateToFormPage@d35dea7]" started-at="2024-09-28T23:34:29 IST" name="scheduleBillPayDemo" finished-at="2024-09-28T23:34:33 IST" duration-ms="4069" status="PASS">
          <reporter-output>
          </reporter-output>
        </test-method> <!-- scheduleBillPayDemo -->
        <test-method is-config="true" signature="closingBrowser()[pri:0, instance:TestClasses.NavigateToFormPage@d35dea7]" started-at="2024-09-28T23:34:33 IST" name="closingBrowser" finished-at="2024-09-28T23:34:33 IST" duration-ms="550" status="PASS">
          <reporter-output>
          </reporter-output>
        </test-method> <!-- closingBrowser -->
      </class> <!-- TestClasses.NavigateToFormPage -->
      <class name="TestClasses.FillScheduleDemoForm">
        <test-method is-config="true" signature="applicationLaunch()[pri:0, instance:TestClasses.FillScheduleDemoForm@41a2befb]" started-at="2024-09-28T23:34:33 IST" name="applicationLaunch" finished-at="2024-09-28T23:34:38 IST" duration-ms="4530" status="PASS">
          <reporter-output>
          </reporter-output>
        </test-method> <!-- applicationLaunch -->
        <test-method is-config="true" signature="mouseOver()[pri:0, instance:TestClasses.FillScheduleDemoForm@41a2befb]" started-at="2024-09-28T23:34:38 IST" name="mouseOver" finished-at="2024-09-28T23:34:38 IST" duration-ms="327" status="PASS">
          <reporter-output>
          </reporter-output>
        </test-method> <!-- mouseOver -->
        <test-method signature="fillBillPayForm()[pri:0, instance:TestClasses.FillScheduleDemoForm@41a2befb]" started-at="2024-09-28T23:34:38 IST" name="fillBillPayForm" finished-at="2024-09-28T23:34:43 IST" duration-ms="5076" status="PASS">
          <reporter-output>
          </reporter-output>
        </test-method> <!-- fillBillPayForm -->
        <test-method is-config="true" signature="closingBrowser()[pri:0, instance:TestClasses.FillScheduleDemoForm@41a2befb]" started-at="2024-09-28T23:34:43 IST" name="closingBrowser" finished-at="2024-09-28T23:34:44 IST" duration-ms="544" status="PASS">
          <reporter-output>
          </reporter-output>
        </test-method> <!-- closingBrowser -->
      </class> <!-- TestClasses.FillScheduleDemoForm -->
    </test> <!-- Test -->
  </suite> <!-- Suite -->
</testng-results>
